#name "11_javadoc_function.java"
#1 PUBLIC
#1 CLASS
#1 ID classA
#1 '{'
#2 PRIVATE
#2 INT
#2 ID x
#2 '='
#2 INT_CONST 0
#2 ';'
#3 PUBLIC
#3 STRINGTYPE
#3 ID str
#3 '='
#3 NULL
#3 ';'
#5 PUBLIC
#5 INT
#5 ID get_x
#5 '('
#5 ')'
#5 '{'
#6 RETURN
#6 ID x
#6 ';'
#7 '}'
#8 '}'
#10 PUBLIC
#10 CLASS
#10 ID classB
#10 '{'
#11 PRIVATE
#11 INT
#11 ID param
#11 '='
#11 '-'
#11 INT_CONST 1
#11 ';'
#12 PRIVATE
#12 INT
#12 '['
#12 ']'
#12 ID array
#12 '='
#12 NEW
#12 INT
#12 '['
#12 ']'
#12 '{'
#12 INT_CONST 1
#12 ','
#12 INT_CONST 2
#12 ','
#12 INT_CONST 3
#12 '}'
#12 ';'
#13 PRIVATE
#13 INT
#13 '['
#13 ']'
#13 ID empty
#13 '='
#13 NEW
#13 INT
#13 '['
#13 ']'
#13 '{'
#13 '}'
#13 ';'
#15 JAVADOC /**
* This is a javadoc for classB.
* @param a Is a param of type classA.
*/
#16 PUBLIC
#16 ID classB
#16 '('
#16 ID classA
#16 ID a
#16 ')'
#16 '{'
#17 ID param
#17 '='
#17 ID a
#17 '.'
#17 ID get_x
#17 '('
#17 ')'
#17 ';'
#18 '}'
#19 '}'