#1
_program
  #1
  _class: Nonsense
    #2
    _field: var1
    type: int
    value:
      #2
      _int
        1
    #3
    _field: var2
    type: int
    value:
      #3
      _exprOp:
      operation: -
      value:
        #3
        _int
          5
    #4
    _field: var3
    type: int
    value:
      #4
      _binaryOp:
      operation: +
      op_left:
        #4
        _int
          8
      op_right:
        #4
        _int
          4
    #5
    _field: var4
    type: int
    value:
      #5
      _binaryOp:
      operation: -
      op_left:
        #5
        _varref: var3
      op_right:
        #5
        _varref: var1
    #6
    _field: var5
    type: int
    value:
      #6
      _binaryOp:
      operation: +
      op_left:
        #6
        _int
          6
      op_right:
        #6
        _varref: var2
    #7
    _field: var6
    type: int
    value:
      #7
      _binaryOp:
      operation: %
      op_left:
        #7
        _int
          5
      op_right:
        #7
        _int
          3
    #9
    _method: method
    return_type: void
      #10
      _assign: var5
      value:
        #10
        _binaryOp:
        operation: *
        op_left:
          #10
          _varref: var5
        op_right:
          #10
          _int
            2
      #11
      _assign: var5
      value:
        #11
        _binaryOp:
        operation: /
        op_left:
          #11
          _varref: var5
        op_right:
          #11
          _varref: var3
      #12
      _cassign: var4
      operator: +=
      value:
        #12
        _int
          1
      #13
      _cassign: var4
      operator: -=
      value:
        #13
        _int
          1
      #14
      _cassign: var4
      operator: *=
      value:
        #14
        _int
          2
      #15
      _cassign: var4
      operator: /=
      value:
        #15
        _int
          2
      #16
      _assign: var5
      value:
        #16
        _binaryOp:
        operation: %
        op_left:
          #16
          _varref: var5
        op_right:
          #16
          _int
            4
      #17
      _cassign: var3
      operator: %=
      value:
        #17
        _int
          2