#name "10_strings_and_comments.java"
#1 INT
#1 ID x
#1 '='
#1 INT_CONST 0
#1 ';'
#2 INLINE_COMMENT // Esto es un comentario de una linea
#3 INT
#3 ID y
#3 '='
#3 INT_CONST 1
#3 ';'
#4 MULTILINE_COMMENT /* Esto es un comentario multilinea
Segunda linea
Tercera linea
linea 4
FIN */
#9 INT
#9 ID z
#9 '='
#9 ID x
#9 '+'
#9 ID y
#9 ';'
#10 MULTILINE_COMMENT /* x,y,z */
#11 INLINE_COMMENT // /* Sigue siendo un comentario de una linea */
#12 ID char
#12 ID a
#12 '='
#12 CHAR
#12 ';'
#13 ID String
#13 ID b
#13 '='
#13 STRING "abc"
#13 ';'
#14 MULTILINE_COMMENT /* // Sigue siendo un comentario multilinea */
#15 ID String
#15 ID d
#15 '='
#15 STRING "ABC'"
#15 ';'
#16 ID String
#16 ID comment
#16 '='
#16 STRING "// No es un comentario"
#17 INLINE_COMMENT // int xy = x + y; es un comentario
#18 ID String
#18 ID comment
#18 '='
#18 STRING "/* No es un comentario */"
#19 MULTILINE_COMMENT /* int xy = x + y;
es un comentario
*/
#21 ID String
#21 ID empty
#21 '='
#21 STRING ""
#22 MULTILINE_COMMENT /* /* */
#23 MULTILINE_COMMENT /*