#name "4_if_and_or.java"
#1 BOOLEAN
#1 ID a
#1 '='
#1 TRUE
#1 ';'
#2 BOOLEAN
#2 ID b
#2 '='
#2 FALSE
#2 ';'
#3 BOOLEAN
#3 ID c
#3 '='
#3 TRUE
#3 ';'
#5 IF
#5 '('
#5 ID a
#5 ERROR &
#5 ERROR &
#5 ID b
#5 ')'
#5 '{'
#6 RETURN
#6 ID a
#6 ERROR &
#6 ERROR &
#6 ID b
#6 ';'
#7 '}'
#7 ELSE
#7 IF
#7 '('
#7 ID a
#7 OR
#7 ID b
#7 ')'
#7 '{'
#8 RETURN
#8 ID a
#8 OR
#8 ID b
#8 ';'
#9 '}'
#9 ELSE
#9 IF
#9 '('
#9 ID a
#9 OR
#9 ID b
#9 ERROR &
#9 ERROR &
#9 ID c
#9 ')'
#9 '{'
#10 RETURN
#10 '('
#10 ID a
#10 OR
#10 ID b
#10 ERROR &
#10 ERROR &
#10 ID c
#10 ')'
#10 ';'
#11 '}'
#11 ELSE
#11 IF
#11 '('
#11 '('
#11 ID a
#11 OR
#11 ID c
#11 ')'
#11 ERROR &
#11 ERROR &
#11 '('
#11 ID b
#11 OR
#11 ID c
#11 ')'
#11 ')'
#11 '{'
#12 RETURN
#12 '('
#12 ID a
#12 OR
#12 ID c
#12 ')'
#12 ERROR &
#12 ERROR &
#12 '('
#12 ID b
#12 OR
#12 ID c
#12 ')'
#12 ';'
#13 '}'
#13 ELSE
#13 IF
#13 '('
#13 ID a
#13 OR
#13 '('
#13 ID b
#13 OR
#13 ID c
#13 ')'
#13 ')'
#13 '{'
#14 RETURN
#14 ID a
#14 OR
#14 '('
#14 ID b
#14 OR
#14 ID c
#14 ')'
#14 ';'
#15 '}'
#15 ELSE
#15 '{'
#16 RETURN
#16 ID a
#16 ERROR &
#16 ERROR &
#16 ID b
#16 OR
#16 ID c
#16 ';'
#17 '}'